DreamReader/app/build/outputs/logs/manifest-merger-debug-report.txt
-- Merging decision tree log ---
manifest
ADDED from src/main/AndroidManifest.xml:2:1-21:12
	package
		ADDED from src/main/AndroidManifest.xml:3:5-33
		INJECTED from src/main/AndroidManifest.xml
		INJECTED from src/main/AndroidManifest.xml
	android:versionName
		INJECTED from src/main/AndroidManifest.xml
		INJECTED from src/main/AndroidManifest.xml
	xmlns:android
		ADDED from src/main/AndroidManifest.xml:2:11-69
	android:versionCode
		INJECTED from src/main/AndroidManifest.xml
		INJECTED from src/main/AndroidManifest.xml
application
ADDED from src/main/AndroidManifest.xml:5:5-19:19
MERGED from [com.android.support:cardview-v7:24.2.0] AndroidManifest.xml:22:5-20
MERGED from [com.liulishuo.filedownloader:library:1.1.0] AndroidManifest.xml:11:5-16:19
MERGED from [DreamReader:lcrapiddeveloplibrary:unspecified] AndroidManifest.xml:14:5-36:19
MERGED from [com.android.support:support-v4:24.2.0] AndroidManifest.xml:25:5-20
MERGED from [com.android.support:support-compat:24.2.0] AndroidManifest.xml:25:5-20
MERGED from [com.android.support:support-core-utils:24.2.0] AndroidManifest.xml:25:5-20
MERGED from [com.android.support:support-media-compat:24.2.0] AndroidManifest.xml:25:5-20
MERGED from [com.android.support:support-core-ui:24.2.0] AndroidManifest.xml:25:5-20
MERGED from [com.android.support:support-fragment:24.2.0] AndroidManifest.xml:25:5-20
MERGED from [com.android.support:appcompat-v7:24.2.0] AndroidManifest.xml:25:5-20
MERGED from [com.android.support:support-vector-drawable:24.2.0] AndroidManifest.xml:23:5-20
MERGED from [com.android.support:animated-vector-drawable:24.2.0] AndroidManifest.xml:22:5-20
	android:label
		ADDED from src/main/AndroidManifest.xml:9:9-41
	android:supportsRtl
		ADDED from src/main/AndroidManifest.xml:10:9-35
	android:allowBackup
		ADDED from src/main/AndroidManifest.xml:6:9-35
	android:icon
		ADDED from src/main/AndroidManifest.xml:8:9-43
	android:theme
		ADDED from src/main/AndroidManifest.xml:11:9-40
	android:name
		ADDED from src/main/AndroidManifest.xml:7:9-52
activity#com.st.dreamreader.MainActivity
ADDED from src/main/AndroidManifest.xml:12:9-18:20
	android:name
		ADDED from src/main/AndroidManifest.xml:12:19-47
intent-filter#android.intent.action.MAIN+android.intent.category.LAUNCHER
ADDED from src/main/AndroidManifest.xml:13:13-17:29
action#android.intent.action.MAIN
ADDED from src/main/AndroidManifest.xml:14:17-69
	android:name
		ADDED from src/main/AndroidManifest.xml:14:25-66
category#android.intent.category.LAUNCHER
ADDED from src/main/AndroidManifest.xml:16:17-77
	android:name
		ADDED from src/main/AndroidManifest.xml:16:27-74
uses-sdk
INJECTED from src/main/AndroidManifest.xml reason: use-sdk injection requested
MERGED from [io.reactivex:rxandroid:1.2.1] AndroidManifest.xml:19:5-43
MERGED from [com.jakewharton:butterknife:8.4.0] AndroidManifest.xml:5:5-43
MERGED from [com.android.support:cardview-v7:24.2.0] AndroidManifest.xml:20:5-43
MERGED from [cn.bingoogolapple:bga-banner:2.0.9] AndroidManifest.xml:6:5-8:41
MERGED from [com.liulishuo.filedownloader:library:1.1.0] AndroidManifest.xml:7:5-9:41
MERGED from [cn.dreamtobe.threaddebugger:threadpool:1.3.3] AndroidManifest.xml:8:5-10:41
MERGED from [DreamReader:lcrapiddeveloplibrary:unspecified] AndroidManifest.xml:8:5-10:41
MERGED from [com.android.support:recyclerview-v7:23.4.0] AndroidManifest.xml:20:5-43
MERGED from [com.android.support:support-v4:24.2.0] AndroidManifest.xml:21:5-23:54
MERGED from [com.android.support:support-compat:24.2.0] AndroidManifest.xml:21:5-23:58
MERGED from [com.android.support:support-core-utils:24.2.0] AndroidManifest.xml:21:5-23:61
MERGED from [com.android.support:support-media-compat:24.2.0] AndroidManifest.xml:21:5-23:63
MERGED from [com.android.support:support-core-ui:24.2.0] AndroidManifest.xml:21:5-23:58
MERGED from [com.android.support:support-fragment:24.2.0] AndroidManifest.xml:21:5-23:60
MERGED from [com.android.support:appcompat-v7:24.2.0] AndroidManifest.xml:21:5-23:78
MERGED from [com.android.support:support-vector-drawable:24.2.0] AndroidManifest.xml:21:5-43
MERGED from [com.android.support:animated-vector-drawable:24.2.0] AndroidManifest.xml:20:5-44
	tools:overrideLibrary
		ADDED from [com.android.support:support-v4:24.2.0] AndroidManifest.xml:23:9-51
	android:targetSdkVersion
		INJECTED from src/main/AndroidManifest.xml
		INJECTED from src/main/AndroidManifest.xml
	android:minSdkVersion
		INJECTED from src/main/AndroidManifest.xml
		INJECTED from src/main/AndroidManifest.xml
service#com.liulishuo.filedownloader.services.FileDownloadService$SharedMainProcessService
ADDED from [com.liulishuo.filedownloader:library:1.1.0] AndroidManifest.xml:12:9-118
	android:name
		ADDED from [com.liulishuo.filedownloader:library:1.1.0] AndroidManifest.xml:12:18-115
service#com.liulishuo.filedownloader.services.FileDownloadService$SeparateProcessService
ADDED from [com.liulishuo.filedownloader:library:1.1.0] AndroidManifest.xml:13:9-15:49
	android:process
		ADDED from [com.liulishuo.filedownloader:library:1.1.0] AndroidManifest.xml:15:13-46
	android:name
		ADDED from [com.liulishuo.filedownloader:library:1.1.0] AndroidManifest.xml:14:13-108
uses-permission#android.permission.ACCESS_NETWORK_STATE
ADDED from [DreamReader:lcrapiddeveloplibrary:unspecified] AndroidManifest.xml:12:5-79
	android:name
		ADDED from [DreamReader:lcrapiddeveloplibrary:unspecified] AndroidManifest.xml:12:22-76
activity#com.xiaochao.lcrapiddeveloplibrary.Video.JCFullScreenActivity
ADDED from [DreamReader:lcrapiddeveloplibrary:unspecified] AndroidManifest.xml:17:9-20:53
	android:screenOrientation
		ADDED from [DreamReader:lcrapiddeveloplibrary:unspecified] AndroidManifest.xml:20:13-50
	android:configChanges
		ADDED from [DreamReader:lcrapiddeveloplibrary:unspecified] AndroidManifest.xml:19:13-63
	android:name
		ADDED from [DreamReader:lcrapiddeveloplibrary:unspecified] AndroidManifest.xml:18:13-89
activity#com.xiaochao.lcrapiddeveloplibrary.Exception.core.RecoveryActivity
ADDED from [DreamReader:lcrapiddeveloplibrary:unspecified] AndroidManifest.xml:21:9-28:20
	android:process
		ADDED from [DreamReader:lcrapiddeveloplibrary:unspecified] AndroidManifest.xml:25:13-39
	android:screenOrientation
		ADDED from [DreamReader:lcrapiddeveloplibrary:unspecified] AndroidManifest.xml:26:13-49
	android:excludeFromRecents
		ADDED from [DreamReader:lcrapiddeveloplibrary:unspecified] AndroidManifest.xml:23:13-46
	android:noHistory
		ADDED from [DreamReader:lcrapiddeveloplibrary:unspecified] AndroidManifest.xml:24:13-37
	android:theme
		ADDED from [DreamReader:lcrapiddeveloplibrary:unspecified] AndroidManifest.xml:27:13-61
	android:name
		ADDED from [DreamReader:lcrapiddeveloplibrary:unspecified] AndroidManifest.xml:22:13-94
service#com.xiaochao.lcrapiddeveloplibrary.Exception.core.RecoveryService
ADDED from [DreamReader:lcrapiddeveloplibrary:unspecified] AndroidManifest.xml:30:9-35:19
	android:enabled
		ADDED from [DreamReader:lcrapiddeveloplibrary:unspecified] AndroidManifest.xml:32:13-35
	android:process
		ADDED from [DreamReader:lcrapiddeveloplibrary:unspecified] AndroidManifest.xml:34:13-39
	android:exported
		ADDED from [DreamReader:lcrapiddeveloplibrary:unspecified] AndroidManifest.xml:33:13-37
	android:name
		ADDED from [DreamReader:lcrapiddeveloplibrary:unspecified] AndroidManifest.xml:31:13-93